0 info it worked if it ends with ok
1 verbose cli [ '/usr/bin/nodejs', '/usr/bin/npm', 'install', '-g', 'ionic' ]
2 info using npm@2.14.7
3 info using node@v4.2.3
4 verbose install initial load of /usr/lib/package.json
5 verbose readDependencies loading dependencies from /usr/lib/package.json
6 silly cache add args [ 'ionic', null ]
7 verbose cache add spec ionic
8 silly cache add parsed spec Result {
8 silly cache add   raw: 'ionic',
8 silly cache add   scope: null,
8 silly cache add   name: 'ionic',
8 silly cache add   rawSpec: '',
8 silly cache add   spec: '*',
8 silly cache add   type: 'range' }
9 silly addNamed ionic@*
10 verbose addNamed "*" is a valid semver range for ionic
11 silly addNameRange { name: 'ionic', range: '*', hasData: false }
12 silly mapToRegistry name ionic
13 silly mapToRegistry using default registry
14 silly mapToRegistry registry https://registry.npmjs.org/
15 silly mapToRegistry uri https://registry.npmjs.org/ionic
16 verbose addNameRange registry:https://registry.npmjs.org/ionic not in flight; fetching
17 verbose request uri https://registry.npmjs.org/ionic
18 verbose request no auth needed
19 info attempt registry request try #1 at 2:50:58 PM
20 verbose request id fb8f828b09c86978
21 http request GET https://registry.npmjs.org/ionic
22 http 200 https://registry.npmjs.org/ionic
23 verbose headers { server: 'CouchDB/1.5.0 (Erlang OTP/R16B03)',
23 verbose headers   etag: '"DQ5QUE4KPQF46LV2NIBBSG2WI"',
23 verbose headers   'content-type': 'application/json',
23 verbose headers   'cache-control': 'max-age=300',
23 verbose headers   'content-length': '646223',
23 verbose headers   'accept-ranges': 'bytes',
23 verbose headers   date: 'Mon, 14 Dec 2015 17:51:09 GMT',
23 verbose headers   via: '1.1 varnish',
23 verbose headers   age: '173',
23 verbose headers   connection: 'keep-alive',
23 verbose headers   'x-served-by': 'cache-atl6222-ATL',
23 verbose headers   'x-cache': 'HIT',
23 verbose headers   'x-cache-hits': '1',
23 verbose headers   'x-timer': 'S1450115469.857235,VS0,VE1',
23 verbose headers   vary: 'Accept' }
24 silly get cb [ 200,
24 silly get   { server: 'CouchDB/1.5.0 (Erlang OTP/R16B03)',
24 silly get     etag: '"DQ5QUE4KPQF46LV2NIBBSG2WI"',
24 silly get     'content-type': 'application/json',
24 silly get     'cache-control': 'max-age=300',
24 silly get     'content-length': '646223',
24 silly get     'accept-ranges': 'bytes',
24 silly get     date: 'Mon, 14 Dec 2015 17:51:09 GMT',
24 silly get     via: '1.1 varnish',
24 silly get     age: '173',
24 silly get     connection: 'keep-alive',
24 silly get     'x-served-by': 'cache-atl6222-ATL',
24 silly get     'x-cache': 'HIT',
24 silly get     'x-cache-hits': '1',
24 silly get     'x-timer': 'S1450115469.857235,VS0,VE1',
24 silly get     vary: 'Accept' } ]
25 verbose get saving ionic to /home/cascudo/.npm/registry.npmjs.org/ionic/.cache.json
26 silly addNameRange number 2 { name: 'ionic', range: '*', hasData: true }
27 silly addNameRange versions [ 'ionic',
27 silly addNameRange   [ '0.9.6',
27 silly addNameRange     '0.9.8',
27 silly addNameRange     '0.9.9',
27 silly addNameRange     '0.9.10',
27 silly addNameRange     '0.9.11',
27 silly addNameRange     '0.9.12',
27 silly addNameRange     '0.9.13',
27 silly addNameRange     '0.9.14',
27 silly addNameRange     '0.9.15',
27 silly addNameRange     '0.9.16',
27 silly addNameRange     '1.0.0-beta.1',
27 silly addNameRange     '1.0.0-beta',
27 silly addNameRange     '1.0.1-beta',
27 silly addNameRange     '1.0.3-beta',
27 silly addNameRange     '1.0.4',
27 silly addNameRange     '1.0.5',
27 silly addNameRange     '1.0.6',
27 silly addNameRange     '1.0.7',
27 silly addNameRange     '1.0.8',
27 silly addNameRange     '1.0.9',
27 silly addNameRange     '1.0.10',
27 silly addNameRange     '1.0.11',
27 silly addNameRange     '1.0.12',
27 silly addNameRange     '1.0.13',
27 silly addNameRange     '1.0.14',
27 silly addNameRange     '1.0.15',
27 silly addNameRange     '1.0.16',
27 silly addNameRange     '1.0.17',
27 silly addNameRange     '1.1.0-beta1',
27 silly addNameRange     '1.1.0-beta2',
27 silly addNameRange     '1.1.0-beta3',
27 silly addNameRange     '1.1.0-beta4',
27 silly addNameRange     '1.1.0-beta5',
27 silly addNameRange     '1.1.0-beta6',
27 silly addNameRange     '1.1.0',
27 silly addNameRange     '1.1.1-beta1',
27 silly addNameRange     '1.1.1-beta2',
27 silly addNameRange     '1.1.1-beta3',
27 silly addNameRange     '1.1.1',
27 silly addNameRange     '1.1.3',
27 silly addNameRange     '1.1.4',
27 silly addNameRange     '1.1.5-beta1',
27 silly addNameRange     '1.1.5-beta2',
27 silly addNameRange     '1.1.5-beta3',
27 silly addNameRange     '1.1.5-beta4',
27 silly addNameRange     '1.1.5-beta5',
27 silly addNameRange     '1.1.5',
27 silly addNameRange     '1.1.6',
27 silly addNameRange     '1.1.7-beta1',
27 silly addNameRange     '1.1.7',
27 silly addNameRange     '1.1.8-beta1',
27 silly addNameRange     '1.1.8-beta2',
27 silly addNameRange     '1.1.8-beta3',
27 silly addNameRange     '1.1.8-beta4',
27 silly addNameRange     '1.1.8-beta5',
27 silly addNameRange     '1.1.8',
27 silly addNameRange     '1.1.9-beta1',
27 silly addNameRange     '1.1.9',
27 silly addNameRange     '1.1.10',
27 silly addNameRange     '1.1.11-beta1',
27 silly addNameRange     '1.1.11-beta2',
27 silly addNameRange     '1.1.11',
27 silly addNameRange     '1.1.12-beta1',
27 silly addNameRange     '1.1.12-beta2',
27 silly addNameRange     '1.1.12-beta3',
27 silly addNameRange     '1.1.12',
27 silly addNameRange     '1.1.13',
27 silly addNameRange     '1.1.14-beta1',
27 silly addNameRange     '1.1.14-beta2',
27 silly addNameRange     '1.1.14-beta3',
27 silly addNameRange     '1.2.0-beta1',
27 silly addNameRange     '1.2.0',
27 silly addNameRange     '1.2.1-beta1',
27 silly addNameRange     '1.2.1-beta2',
27 silly addNameRange     '1.2.1-beta3',
27 silly addNameRange     '1.2.1-beta4',
27 silly addNameRange     '1.2.1',
27 silly addNameRange     '1.2.2',
27 silly addNameRange     '1.2.3-beta1',
27 silly addNameRange     '1.2.3-beta2',
27 silly addNameRange     '1.2.3-beta3',
27 silly addNameRange     '1.2.3',
27 silly addNameRange     '1.2.4-beta1',
27 silly addNameRange     '1.2.4-beta2',
27 silly addNameRange     '1.2.4-beta3',
27 silly addNameRange     '1.2.4',
27 silly addNameRange     '1.2.5-beta1',
27 silly addNameRange     '1.2.5-beta2',
27 silly addNameRange     '1.2.5-beta3',
27 silly addNameRange     '1.2.5',
27 silly addNameRange     '1.2.6-beta1',
27 silly addNameRange     '1.2.6-beta2',
27 silly addNameRange     '1.2.6-beta3',
27 silly addNameRange     '1.2.6',
27 silly addNameRange     '1.2.7',
27 silly addNameRange     '1.2.8-beta1',
27 silly addNameRange     '1.2.8-beta2',
27 silly addNameRange     '1.2.8',
27 silly addNameRange     '1.2.9',
27 silly addNameRange     '1.2.10',
27 silly addNameRange     '1.2.11',
27 silly addNameRange     '1.2.12',
27 silly addNameRange     '1.2.13',
27 silly addNameRange     '1.2.14-beta1',
27 silly addNameRange     '1.2.14-beta2',
27 silly addNameRange     '1.2.14-beta3',
27 silly addNameRange     '1.2.14-beta4',
27 silly addNameRange     '1.2.14-beta5',
27 silly addNameRange     '1.2.14-beta6',
27 silly addNameRange     '1.2.14',
27 silly addNameRange     '1.3.0-beta1',
27 silly addNameRange     '1.3.0',
27 silly addNameRange     '1.3.1',
27 silly addNameRange     '1.3.2',
27 silly addNameRange     '1.3.3',
27 silly addNameRange     '1.3.4',
27 silly addNameRange     '1.3.5',
27 silly addNameRange     '1.3.6',
27 silly addNameRange     '1.3.7',
27 silly addNameRange     '1.3.8',
27 silly addNameRange     '1.3.9',
27 silly addNameRange     '1.3.10',
27 silly addNameRange     '1.4.0-alpha.1',
27 silly addNameRange     '1.3.11',
27 silly addNameRange     '1.3.1-1.alpha.0',
27 silly addNameRange     '1.4.0-alpha.2',
27 silly addNameRange     '1.3.12',
27 silly addNameRange     '1.3.12-beta.1',
27 silly addNameRange     '1.3.12-beta.2',
27 silly addNameRange     '1.3.13-beta.0',
27 silly addNameRange     '1.3.1-3.beta.1',
27 silly addNameRange     '1.3.1-3.beta.2',
27 silly addNameRange     '1.3.13',
27 silly addNameRange     '1.3.1-3.beta.4',
27 silly addNameRange     '1.3.14-beta',
27 silly addNameRange     '1.3.14-beta.1',
27 silly addNameRange     '1.4.0-alpha.3',
27 silly addNameRange     '1.3.14',
27 silly addNameRange     '1.4.0-alpha.4',
27 silly addNameRange     '1.4.0-alpha.5',
27 silly addNameRange     '1.3.15-beta.0',
27 silly addNameRange     '1.3.15-beta.1',
27 silly addNameRange     '1.3.15-beta.2',
27 silly addNameRange     '1.3.15-beta.3',
27 silly addNameRange     '1.3.15-beta.4',
27 silly addNameRange     '1.3.15',
27 silly addNameRange     '1.3.16',
27 silly addNameRange     '1.4.0-alpha.6',
27 silly addNameRange     '1.3.17-beta.0',
27 silly addNameRange     '1.3.17-beta.1',
27 silly addNameRange     '1.3.17-beta.2',
27 silly addNameRange     '1.3.17-beta.3',
27 silly addNameRange     '1.3.1-7.beta.4',
27 silly addNameRange     '1.3.17',
27 silly addNameRange     '1.3.18-beta.0',
27 silly addNameRange     '1.3.18-beta.1',
27 silly addNameRange     '1.3.18-beta.2',
27 silly addNameRange     '1.3.18-beta.3',
27 silly addNameRange     '1.3.18',
27 silly addNameRange     '1.3.19-beta.0',
27 silly addNameRange     '1.3.19-beta.1',
27 silly addNameRange     '1.3.19-beta.2',
27 silly addNameRange     '1.3.19-beta.3',
27 silly addNameRange     '1.3.19-beta.4',
27 silly addNameRange     '1.3.19',
27 silly addNameRange     '1.3.20',
27 silly addNameRange     '1.4.1-beta.0',
27 silly addNameRange     '1.4.0-beta.1',
27 silly addNameRange     '1.4.0-beta.2',
27 silly addNameRange     '1.4.0-beta.3',
27 silly addNameRange     '1.4.0-beta.5',
27 silly addNameRange     '1.4.0-beta.6',
27 silly addNameRange     '1.4.0-beta.7',
27 silly addNameRange     '1.3.21-beta.0',
27 silly addNameRange     '1.3.21-beta.1',
27 silly addNameRange     '1.3.21',
27 silly addNameRange     '1.3.22',
27 silly addNameRange     '1.4.0-beta.8',
27 silly addNameRange     '1.4.0-beta.9',
27 silly addNameRange     '1.4.0-beta.10',
27 silly addNameRange     '1.4.0-beta.11',
27 silly addNameRange     '1.4.0-beta.12',
27 silly addNameRange     '1.4.0-beta.13',
27 silly addNameRange     '1.4.0-beta.14',
27 silly addNameRange     '1.4.0-beta.15',
27 silly addNameRange     '1.4.0-beta.16',
27 silly addNameRange     '1.4.0-beta.17',
27 silly addNameRange     '1.4.0-beta.18',
27 silly addNameRange     '1.4.0',
27 silly addNameRange     '1.4.1',
27 silly addNameRange     '1.4.2',
27 silly addNameRange     '1.4.3',
27 silly addNameRange     '1.4.4-beta.0',
27 silly addNameRange     '1.4.4-beta.2',
27 silly addNameRange     '1.4.4',
27 silly addNameRange     '1.4.5-beta.0',
27 silly addNameRange     '1.4.5-beta.1',
27 silly addNameRange     '1.4.5-beta.2',
27 silly addNameRange     '1.4.5-beta.3',
27 silly addNameRange     '1.4.5',
27 silly addNameRange     '1.4.6-beta.0',
27 silly addNameRange     '1.4.6',
27 silly addNameRange     '1.4.7',
27 silly addNameRange     '1.4.8',
27 silly addNameRange     '1.5.0-beta.0',
27 silly addNameRange     '1.5.0-beta.1',
27 silly addNameRange     '1.5.0',
27 silly addNameRange     '1.5.1-beta.0',
27 silly addNameRange     '1.5.1-beta.1',
27 silly addNameRange     '1.5.1-beta.2',
27 silly addNameRange     '1.5.1-beta.3',
27 silly addNameRange     '1.5.1-beta.4',
27 silly addNameRange     '1.5.1',
27 silly addNameRange     '1.5.2',
27 silly addNameRange     '1.5.3',
27 silly addNameRange     '1.5.4',
27 silly addNameRange     '1.5.5',
27 silly addNameRange     '1.6.0-beta.1',
27 silly addNameRange     '1.6.0',
27 silly addNameRange     '1.6.1',
27 silly addNameRange     '1.6.2-beta.0',
27 silly addNameRange     '1.6.2-beta.1',
27 silly addNameRange     '1.6.2-beta.2',
27 silly addNameRange     '1.6.2',
27 silly addNameRange     '1.6.3-beta.0',
27 silly addNameRange     '1.6.3-beta.1',
27 silly addNameRange     '1.6.3',
27 silly addNameRange     '1.6.4-beta.0',
27 silly addNameRange     '1.6.4-beta.1',
27 silly addNameRange     '1.6.4',
27 silly addNameRange     '1.7.0-beta.0',
27 silly addNameRange     '1.7.0-beta.1',
27 silly addNameRange     '1.7.0-beta.2',
27 silly addNameRange     '1.7.0-beta.3',
27 silly addNameRange     '2.0.0-alpha.1',
27 silly addNameRange     '2.0.0-alpha.3',
27 silly addNameRange     '1.7.0-beta.4',
27 silly addNameRange     '1.6.5-testing.0',
27 silly addNameRange     '1.6.5-testing.1',
27 silly addNameRange     '1.6.5-testing.2',
27 silly addNameRange     '1.6.5-testing.3',
27 silly addNameRange     '1.6.5',
27 silly addNameRange     '2.0.0-alpha.4',
27 silly addNameRange     '1.7.0-beta.5',
27 silly addNameRange     '1.7.0-beta.6',
27 silly addNameRange     '1.7.0',
27 silly addNameRange     '2.0.0-alpha.5',
27 silly addNameRange     '2.0.0-alpha.6',
27 silly addNameRange     '1.7.1',
27 silly addNameRange     '2.0.0-alpha.7',
27 silly addNameRange     '2.0.0-alpha.8',
27 silly addNameRange     '1.7.2',
27 silly addNameRange     '1.7.3',
27 silly addNameRange     '1.7.4',
27 silly addNameRange     '1.7.5',
27 silly addNameRange     '1.7.6',
27 silly addNameRange     '1.7.7-beta.0',
27 silly addNameRange     '2.0.0-alpha.9',
27 silly addNameRange     '1.7.7',
27 silly addNameRange     '2.0.0-alpha.10',
27 silly addNameRange     '2.0.0-alpha.11',
27 silly addNameRange     '2.0.0-alpha.12',
27 silly addNameRange     '2.0.0-alpha.13',
27 silly addNameRange     '2.0.0-alpha.14',
27 silly addNameRange     '2.0.0-alpha.15',
27 silly addNameRange     '2.0.0-alpha.16',
27 silly addNameRange     '2.0.0-alpha.17',
27 silly addNameRange     '2.0.0-alpha.18',
27 silly addNameRange     '1.7.8-beta.0',
27 silly addNameRange     '1.7.8-beta.1',
27 silly addNameRange     '1.7.8-beta.2',
27 silly addNameRange     '1.7.8-beta.3',
27 silly addNameRange     '1.7.8',
27 silly addNameRange     '2.0.0-alpha.19',
27 silly addNameRange     '2.0.0-alpha.20',
27 silly addNameRange     '2.0.0-alpha.21',
27 silly addNameRange     '2.0.0-alpha.22',
27 silly addNameRange     '2.0.0-alpha.23',
27 silly addNameRange     '1.7.9',
27 silly addNameRange     '1.7.10',
27 silly addNameRange     '2.0.0-alpha.24',
27 silly addNameRange     '2.0.0-alpha.25',
27 silly addNameRange     '2.0.0-beta.1',
27 silly addNameRange     '1.7.11',
27 silly addNameRange     '2.0.0-beta.2',
27 silly addNameRange     '2.0.0-beta.3',
27 silly addNameRange     '2.0.0-beta.4',
27 silly addNameRange     '2.0.0-beta.5',
27 silly addNameRange     '2.0.0-beta.6',
27 silly addNameRange     '2.0.0-beta.7',
27 silly addNameRange     '2.0.0-beta.8',
27 silly addNameRange     '2.0.0-beta.9',
27 silly addNameRange     '2.0.0-beta.10',
27 silly addNameRange     '2.0.0-beta.11',
27 silly addNameRange     '1.7.12',
27 silly addNameRange     '2.0.0-beta.12' ] ]
28 silly addNamed ionic@1.7.12
29 verbose addNamed "1.7.12" is a plain semver version for ionic
30 silly mapToRegistry name ionic
31 silly mapToRegistry using default registry
32 silly mapToRegistry registry https://registry.npmjs.org/
33 silly mapToRegistry uri https://registry.npmjs.org/ionic
34 verbose addRemoteTarball https://registry.npmjs.org/ionic/-/ionic-1.7.12.tgz not in flight; adding
35 verbose addRemoteTarball [ 'https://registry.npmjs.org/ionic/-/ionic-1.7.12.tgz',
35 verbose addRemoteTarball   '87cdf5b9ff748009182a10c61bbc3a39a000fe59' ]
36 info retry fetch attempt 1 at 2:51:16 PM
37 info attempt registry request try #1 at 2:51:16 PM
38 http fetch GET https://registry.npmjs.org/ionic/-/ionic-1.7.12.tgz
39 http fetch 200 https://registry.npmjs.org/ionic/-/ionic-1.7.12.tgz
40 silly fetchAndShaCheck shasum 87cdf5b9ff748009182a10c61bbc3a39a000fe59
41 verbose addTmpTarball /tmp/npm-12225-019b6a44/registry.npmjs.org/ionic/-/ionic-1.7.12.tgz not in flight; adding
42 verbose addTmpTarball already have metadata; skipping unpack for ionic@1.7.12
43 silly cache afterAdd ionic@1.7.12
44 verbose afterAdd /home/cascudo/.npm/ionic/1.7.12/package/package.json not in flight; writing
45 verbose afterAdd /home/cascudo/.npm/ionic/1.7.12/package/package.json written
46 silly install resolved [ { name: 'ionic',
46 silly install resolved     version: '1.7.12',
46 silly install resolved     preferGlobal: true,
46 silly install resolved     description: 'A tool for creating and developing Ionic Framework mobile apps.',
46 silly install resolved     homepage: 'http://ionicframework.com/',
46 silly install resolved     bin: { ionic: 'bin/ionic' },
46 silly install resolved     scripts:
46 silly install resolved      { bump: 'node lib/tasks/bumpversion',
46 silly install resolved        'beta-bump': 'node lib/tasks/bumpversion --level pre --identifier beta',
46 silly install resolved        'publish-release': 'node lib/tasks/bumpversion --npmPublish',
46 silly install resolved        'publish-tag': 'node lib/tasks/bumpversion --level beta --npmPublishTag',
46 silly install resolved        'full-release': 'node lib/tasks/bumpversion --npmInstall --git --npmPublish',
46 silly install resolved        test: 'npm run jasmine',
46 silly install resolved        e2e: 'jasmine-node --captureExceptions ./e2e',
46 silly install resolved        jasmine: 'jasmine-node --captureExceptions  ./spec' },
46 silly install resolved     keywords:
46 silly install resolved      [ 'ionic',
46 silly install resolved        'ionic framework',
46 silly install resolved        'ionicframework',
46 silly install resolved        'mobile',
46 silly install resolved        'app',
46 silly install resolved        'hybrid',
46 silly install resolved        'cordova',
46 silly install resolved        'phonegap' ],
46 silly install resolved     repository:
46 silly install resolved      { type: 'git',
46 silly install resolved        url: 'git+https://github.com/driftyco/ionic-cli.git' },
46 silly install resolved     contributors: [ [Object], [Object], [Object], [Object] ],
46 silly install resolved     license: 'MIT',
46 silly install resolved     dependencies:
46 silly install resolved      { async: '^0.9.0',
46 silly install resolved        cheerio: '^0.19.0',
46 silly install resolved        'cli-table': '^0.3.1',
46 silly install resolved        colors: '0.6.2',
46 silly install resolved        connect: '3.1.1',
46 silly install resolved        'connect-livereload': '0.5.2',
46 silly install resolved        crc: '3.2.1',
46 silly install resolved        'cross-spawn': '0.2.3',
46 silly install resolved        'event-stream': '3.0.x',
46 silly install resolved        'expand-tilde': '^1.2.0',
46 silly install resolved        finalhandler: '0.2.0',
46 silly install resolved        'form-data': '0.1.4',
46 silly install resolved        gulp: '3.8.8',
46 silly install resolved        'ionic-app-lib': '0.6.5',
46 silly install resolved        moment: '^2.10.6',
46 silly install resolved        ncp: '0.4.2',
46 silly install resolved        npm: '2.1.3',
46 silly install resolved        open: '0.0.5',
46 silly install resolved        optimist: '0.6.0',
46 silly install resolved        progress: '1.1.7',
46 silly install resolved        prompt: '0.2.12',
46 silly install resolved        'proxy-middleware': '^0.7.0',
46 silly install resolved        q: '1.0.1',
46 silly install resolved        request: '2.51.0',
46 silly install resolved        semver: '^4.2.0',
46 silly install resolved        'serve-static': '1.7.1',
46 silly install resolved        shelljs: '0.2.6',
46 silly install resolved        'tiny-lr-fork': '0.0.5',
46 silly install resolved        underscore: '~1.7.0',
46 silly install resolved        unzip: '0.1.9',
46 silly install resolved        'vinyl-fs': '0.3.7',
46 silly install resolved        xml2js: '0.4.4' },
46 silly install resolved     devDependencies: { 'jasmine-node': '^1.14.5', rewire: '^2.3.4' },
46 silly install resolved     gitHead: 'bf34d713fe6d6bc3c31c40c211bccb77579c2457',
46 silly install resolved     bugs: { url: 'https://github.com/driftyco/ionic-cli/issues' },
46 silly install resolved     bundleDependencies:
46 silly install resolved      [ 'async',
46 silly install resolved        'cheerio',
46 silly install resolved        'cli-table',
46 silly install resolved        'colors',
46 silly install resolved        'connect',
46 silly install resolved        'connect-livereload',
46 silly install resolved        'crc',
46 silly install resolved        'cross-spawn',
46 silly install resolved        'event-stream',
46 silly install resolved        'expand-tilde',
46 silly install resolved        'finalhandler',
46 silly install resolved        'form-data',
46 silly install resolved        'gulp',
46 silly install resolved        'ionic-app-lib',
46 silly install resolved        'moment',
46 silly install resolved        'ncp',
46 silly install resolved        'npm',
46 silly install resolved        'open',
46 silly install resolved        'optimist',
46 silly install resolved        'progress',
46 silly install resolved        'prompt',
46 silly install resolved        'proxy-middleware',
46 silly install resolved        'q',
46 silly install resolved        'request',
46 silly install resolved        'semver',
46 silly install resolved        'serve-static',
46 silly install resolved        'shelljs',
46 silly install resolved        'tiny-lr-fork',
46 silly install resolved        'underscore',
46 silly install resolved        'unzip',
46 silly install resolved        'vinyl-fs',
46 silly install resolved        'xml2js' ],
46 silly install resolved     _id: 'ionic@1.7.12',
46 silly install resolved     _shasum: '87cdf5b9ff748009182a10c61bbc3a39a000fe59',
46 silly install resolved     _from: 'ionic@*',
46 silly install resolved     _npmVersion: '2.10.1',
46 silly install resolved     _nodeVersion: '0.12.4',
46 silly install resolved     _npmUser: { name: 'tlancina', email: 'tim@ionic.io' },
46 silly install resolved     dist:
46 silly install resolved      { shasum: '87cdf5b9ff748009182a10c61bbc3a39a000fe59',
46 silly install resolved        tarball: 'http://registry.npmjs.org/ionic/-/ionic-1.7.12.tgz' },
46 silly install resolved     maintainers: [ [Object], [Object], [Object], [Object], [Object] ],
46 silly install resolved     directories: {},
46 silly install resolved     _resolved: 'https://registry.npmjs.org/ionic/-/ionic-1.7.12.tgz' } ]
47 info install ionic@1.7.12 into /usr/lib
48 info installOne ionic@1.7.12
49 verbose installOne of ionic to /usr/lib not in flight; installing
50 verbose makeDirectory /home/cascudo/.npm/_locks creation not in flight; initializing
51 silly makeDirectory /home/cascudo/.npm/_locks uid: 1000 gid: 1001
52 verbose lock using /home/cascudo/.npm/_locks/ionic-870c91ec4eeb12ef.lock for /usr/lib/node_modules/ionic
53 silly install write writing ionic 1.7.12 to /usr/lib/node_modules/ionic
54 verbose unbuild lib/node_modules/ionic
55 info preuninstall ionic@1.7.11
56 info uninstall ionic@1.7.11
57 verbose unbuild rmStuff ionic@1.7.11 from /usr/lib/node_modules
58 silly gentlyRm /usr/bin/ionic is being gently removed
59 silly gentlyRm verifying /usr is an npm working directory
60 silly gentlyRm containing path /usr is under npm's control, in /usr
61 silly gentlyRm deletion target /usr/bin/ionic is under /usr
62 verbose gentlyRm vacuuming from /usr/bin/ionic up to /usr
63 silly vacuum-fs removing /usr/bin/ionic
64 verbose unlock done using /home/cascudo/.npm/_locks/ionic-870c91ec4eeb12ef.lock for /usr/lib/node_modules/ionic
65 verbose stack Error: EACCES: permission denied, unlink '/usr/bin/ionic'
65 verbose stack     at Error (native)
66 verbose cwd /var/www/html/axe/client
67 error Linux 4.0.0-kali1-686-pae
68 error argv "/usr/bin/nodejs" "/usr/bin/npm" "install" "-g" "ionic"
69 error node v4.2.3
70 error npm  v2.14.7
71 error path /usr/bin/ionic
72 error code EACCES
73 error errno -13
74 error syscall unlink
75 error Error: EACCES: permission denied, unlink '/usr/bin/ionic'
75 error     at Error (native)
75 error  { [Error: EACCES: permission denied, unlink '/usr/bin/ionic']
75 error   errno: -13,
75 error   code: 'EACCES',
75 error   syscall: 'unlink',
75 error   path: '/usr/bin/ionic' }
76 error Please try running this command again as root/Administrator.
77 verbose exit [ -13, true ]
78 verbose unbuild lib/node_modules/ionic
79 info preuninstall ionic@1.7.11
80 info uninstall ionic@1.7.11
81 verbose unbuild rmStuff ionic@1.7.11 from /usr/lib/node_modules
82 silly gentlyRm /usr/bin/ionic is being gently removed
83 silly gentlyRm verifying /usr is an npm working directory
84 silly gentlyRm containing path /usr is under npm's control, in /usr
85 silly gentlyRm deletion target /usr/bin/ionic is under /usr
86 verbose gentlyRm vacuuming from /usr/bin/ionic up to /usr
87 silly vacuum-fs removing /usr/bin/ionic
88 error error rolling back Error: EACCES: permission denied, unlink '/usr/bin/ionic'
88 error error rolling back     at Error (native)
88 error error rolling back  { [Error: EACCES: permission denied, unlink '/usr/bin/ionic']
88 error error rolling back   errno: -13,
88 error error rolling back   code: 'EACCES',
88 error error rolling back   syscall: 'unlink',
88 error error rolling back   path: '/usr/bin/ionic' }
